build/app/outputs/mapping/release/mapping.txt
# compiler: R8
# compiler_version: 1.5.64
# min_api: 16
# pg_map_id: 69cb8f4
...
io.grpc.android.AndroidChannelBuilder$AndroidChannel -> c.b.m1.a$b:
    java.lang.Runnable unregisterRunnable -> e
    io.grpc.ManagedChannel delegate -> a
    android.content.Context context -> b
    android.net.ConnectivityManager connectivityManager -> c
    java.lang.Object lock -> d
    android.net.ConnectivityManager access$100(io.grpc.android.AndroidChannelBuilder$AndroidChannel) -> a
    boolean awaitTermination(long,java.util.concurrent.TimeUnit) -> a
    io.grpc.ConnectivityState getState(boolean) -> a
    io.grpc.ClientCall newCall(io.grpc.MethodDescriptor,io.grpc.CallOptions) -> a
    void notifyWhenStateChanged(io.grpc.ConnectivityState,java.lang.Runnable) -> a
    android.content.Context access$300(io.grpc.android.AndroidChannelBuilder$AndroidChannel) -> b
    java.lang.String authority() -> b
    io.grpc.ManagedChannel access$400(io.grpc.android.AndroidChannelBuilder$AndroidChannel) -> c
    void enterIdle() -> c
    void resetConnectBackoff() -> d
    io.grpc.ManagedChannel shutdown() -> e
    io.grpc.ManagedChannel shutdownNow() -> f
    void configureNetworkMonitoring() -> g
    void unregisterNetworkListener() -> h
io.grpc.android.AndroidChannelBuilder$AndroidChannel$1 -> c.b.m1.a$b$a:
    io.grpc.android.AndroidChannelBuilder$AndroidChannel this$0 -> b
    io.grpc.android.AndroidChannelBuilder$AndroidChannel$DefaultNetworkCallback val$defaultNetworkCallback -> a
io.grpc.android.AndroidChannelBuilder$AndroidChannel$2 -> c.b.m1.a$b$b:
    io.grpc.android.AndroidChannelBuilder$AndroidChannel this$0 -> b
    io.grpc.android.AndroidChannelBuilder$AndroidChannel$NetworkReceiver val$networkReceiver -> a
io.grpc.android.AndroidChannelBuilder$AndroidChannel$DefaultNetworkCallback -> c.b.m1.a$b$c:
    io.grpc.android.AndroidChannelBuilder$AndroidChannel this$0 -> b
    boolean isConnected -> a
io.grpc.android.AndroidChannelBuilder$AndroidChannel$NetworkReceiver -> c.b.m1.a$b$d:
    io.grpc.android.AndroidChannelBuilder$AndroidChannel this$0 -> b
    boolean isConnected -> a
io.grpc.internal.AbstractClientStream -> c.b.n1.a:
    io.grpc.internal.TransportTracer transportTracer -> a
    java.util.logging.Logger log -> f
    io.grpc.internal.Framer framer -> b
    boolean shouldBeCountedForInUse -> c
    boolean useGet -> d
    io.grpc.Metadata headers -> e
    void cancel(io.grpc.Status) -> a
    void deliverFrame(io.grpc.internal.WritableBuffer,boolean,boolean,int) -> a
    void halfClose() -> a
    void setDeadline(io.grpc.Deadline) -> a
    void setDecompressorRegistry(io.grpc.DecompressorRegistry) -> a
    void setFullStreamDecompression(boolean) -> a
    void setMaxOutboundMessageSize(int) -> a
    void start(io.grpc.internal.ClientStreamListener) -> a
    void request(int) -> b
    io.grpc.internal.Framer framer() -> c
    void setMaxInboundMessageSize(int) -> c
    io.grpc.internal.AbstractClientStream$TransportState transportState() -> d
    io.grpc.internal.AbstractStream$TransportState transportState() -> d
    io.grpc.internal.AbstractClientStream$Sink abstractClientStreamSink() -> e
    io.grpc.internal.TransportTracer getTransportTracer() -> f
    boolean shouldBeCountedForInUse() -> g
    java.util.logging.Logger access$300() -> h
io.grpc.internal.AbstractClientStream$GetFramer -> c.b.n1.a$a:
    io.grpc.internal.StatsTraceContext statsTraceCtx -> c
    io.grpc.internal.AbstractClientStream this$0 -> e
    io.grpc.Metadata headers -> a
    byte[] payload -> d
    boolean closed -> b
    boolean isClosed() -> a
    io.grpc.internal.Framer setCompressor(io.grpc.Compressor) -> a
    void setMaxOutboundMessageSize(int) -> a
    void writePayload(java.io.InputStream) -> a
io.grpc.internal.AbstractClientStream$Sink -> c.b.n1.a$b:
    void cancel(io.grpc.Status) -> a
    void writeFrame(io.grpc.internal.WritableBuffer,boolean,boolean,int) -> a
    void writeHeaders(io.grpc.Metadata,byte[]) -> a
    void request(int) -> b